C:\USERS\NATAN\ONEDRIVE\GIT\GRAP\ASS4\ASS4\DEBUG\DATA.OBJ
C:\USERS\NATAN\ONEDRIVE\GIT\GRAP\ASS4\ASS4\DEBUG\MAIN.OBJ
C:\USERS\NATAN\ONEDRIVE\GIT\GRAP\ASS4\ASS4\DEBUG\VC110.PDB
C:\USERS\NATAN\ONEDRIVE\GIT\GRAP\ASS4\ASS4\DEBUG\CALLBACKS.OBJ
C:\USERS\NATAN\ONEDRIVE\GIT\GRAP\ASS4\DEBUG\ASS4.ILK
C:\USERS\NATAN\ONEDRIVE\GIT\GRAP\ASS4\DEBUG\ASS4.EXE
C:\USERS\NATAN\ONEDRIVE\GIT\GRAP\ASS4\DEBUG\ASS4.PDB
C:\Users\Natan\OneDrive\git\grap\Ass4\Ass4\Debug\Callbacks.obj
C:\Users\Natan\OneDrive\git\grap\Ass4\Ass4\Debug\data.obj
C:\Users\Natan\OneDrive\git\grap\Ass4\Ass4\Debug\main.obj
C:\Users\Natan\OneDrive\git\grap\Ass4\Ass4\Debug\cl.command.1.tlog
C:\Users\Natan\OneDrive\git\grap\Ass4\Ass4\Debug\CL.read.1.tlog
C:\Users\Natan\OneDrive\git\grap\Ass4\Ass4\Debug\CL.write.1.tlog
C:\Users\Natan\OneDrive\git\grap\Ass4\Ass4\Debug\link-cvtres.read.1.tlog
C:\Users\Natan\OneDrive\git\grap\Ass4\Ass4\Debug\link-cvtres.write.1.tlog
C:\Users\Natan\OneDrive\git\grap\Ass4\Ass4\Debug\link-rc.read.1.tlog
C:\Users\Natan\OneDrive\git\grap\Ass4\Ass4\Debug\link-rc.write.1.tlog
C:\Users\Natan\OneDrive\git\grap\Ass4\Ass4\Debug\link.3408-cvtres.read.1.tlog
C:\Users\Natan\OneDrive\git\grap\Ass4\Ass4\Debug\link.3408-cvtres.write.1.tlog
C:\Users\Natan\OneDrive\git\grap\Ass4\Ass4\Debug\link.3408-rc.read.1.tlog
C:\Users\Natan\OneDrive\git\grap\Ass4\Ass4\Debug\link.3408-rc.write.1.tlog
C:\Users\Natan\OneDrive\git\grap\Ass4\Ass4\Debug\link.3408.read.1.tlog
C:\Users\Natan\OneDrive\git\grap\Ass4\Ass4\Debug\link.3408.write.1.tlog
C:\Users\Natan\OneDrive\git\grap\Ass4\Ass4\Debug\link.6552-cvtres.read.1.tlog
C:\Users\Natan\OneDrive\git\grap\Ass4\Ass4\Debug\link.6552-cvtres.write.1.tlog
C:\Users\Natan\OneDrive\git\grap\Ass4\Ass4\Debug\link.6552-rc.read.1.tlog
C:\Users\Natan\OneDrive\git\grap\Ass4\Ass4\Debug\link.6552-rc.write.1.tlog
C:\Users\Natan\OneDrive\git\grap\Ass4\Ass4\Debug\link.6552.read.1.tlog
C:\Users\Natan\OneDrive\git\grap\Ass4\Ass4\Debug\link.6552.write.1.tlog
C:\Users\Natan\OneDrive\git\grap\Ass4\Ass4\Debug\link.command.1.tlog
C:\Users\Natan\OneDrive\git\grap\Ass4\Ass4\Debug\link.read.1.tlog
C:\Users\Natan\OneDrive\git\grap\Ass4\Ass4\Debug\link.write.1.tlog
C:\Users\Natan\OneDrive\git\grap\Ass4\Ass4\Debug\vc110.idb
C:\Users\Natan\OneDrive\git\grap\Ass4\Ass4\Debug\vc110.pdb
C:\Users\Natan\OneDrive\git\grap\Ass4\Debug\Ass4.pdb
